<?xml version="1.0" encoding="UTF-8"?>
<testsuite xmlns:xsi="http://www.w3.org/2001/XMLSchema-instance" xsi:noNamespaceSchemaLocation="https://maven.apache.org/surefire/maven-surefire-plugin/xsd/surefire-test-report-3.0.xsd" version="3.0" name="cms.user.UserStructureTest" time="0.039" tests="2" errors="0" skipped="0" failures="0">
  <properties>
    <property name="java.specification.version" value="21"/>
    <property name="sun.cpu.isalist" value="amd64"/>
    <property name="sun.jnu.encoding" value="Cp1252"/>
    <property name="java.class.path" value="C:\Users\sjoao\OneDrive\Desktop\POO-A\2025-2-bes-mat-aula1-jhugosc\target\test-classes;C:\Users\sjoao\OneDrive\Desktop\POO-A\2025-2-bes-mat-aula1-jhugosc\target\classes;C:\Users\sjoao\.m2\repository\org\junit\jupiter\junit-jupiter\5.10.2\junit-jupiter-5.10.2.jar;C:\Users\sjoao\.m2\repository\org\junit\jupiter\junit-jupiter-api\5.10.2\junit-jupiter-api-5.10.2.jar;C:\Users\sjoao\.m2\repository\org\opentest4j\opentest4j\1.3.0\opentest4j-1.3.0.jar;C:\Users\sjoao\.m2\repository\org\junit\platform\junit-platform-commons\1.10.2\junit-platform-commons-1.10.2.jar;C:\Users\sjoao\.m2\repository\org\apiguardian\apiguardian-api\1.1.2\apiguardian-api-1.1.2.jar;C:\Users\sjoao\.m2\repository\org\junit\jupiter\junit-jupiter-params\5.10.2\junit-jupiter-params-5.10.2.jar;C:\Users\sjoao\.m2\repository\org\junit\jupiter\junit-jupiter-engine\5.10.2\junit-jupiter-engine-5.10.2.jar;C:\Users\sjoao\.m2\repository\org\junit\platform\junit-platform-engine\1.10.2\junit-platform-engine-1.10.2.jar;"/>
    <property name="java.vm.vendor" value="Amazon.com Inc."/>
    <property name="sun.arch.data.model" value="64"/>
    <property name="user.variant" value=""/>
    <property name="java.vendor.url" value="https://aws.amazon.com/corretto/"/>
    <property name="user.timezone" value="America/Sao_Paulo"/>
    <property name="os.name" value="Windows 11"/>
    <property name="java.vm.specification.version" value="21"/>
    <property name="sun.java.launcher" value="SUN_STANDARD"/>
    <property name="user.country" value="BR"/>
    <property name="sun.boot.library.path" value="C:\Program Files\Amazon Corretto\jdk21.0.7_6\bin"/>
    <property name="sun.java.command" value="C:\Users\sjoao\AppData\Local\Temp\surefire6120324865553029989\surefirebooter-20250820174843474_3.jar C:\Users\sjoao\AppData\Local\Temp\surefire6120324865553029989 2025-08-20T17-48-43_380-jvmRun1 surefire-20250820174843474_1tmp surefire_0-20250820174843474_2tmp"/>
    <property name="jdk.debug" value="release"/>
    <property name="surefire.test.class.path" value="C:\Users\sjoao\OneDrive\Desktop\POO-A\2025-2-bes-mat-aula1-jhugosc\target\test-classes;C:\Users\sjoao\OneDrive\Desktop\POO-A\2025-2-bes-mat-aula1-jhugosc\target\classes;C:\Users\sjoao\.m2\repository\org\junit\jupiter\junit-jupiter\5.10.2\junit-jupiter-5.10.2.jar;C:\Users\sjoao\.m2\repository\org\junit\jupiter\junit-jupiter-api\5.10.2\junit-jupiter-api-5.10.2.jar;C:\Users\sjoao\.m2\repository\org\opentest4j\opentest4j\1.3.0\opentest4j-1.3.0.jar;C:\Users\sjoao\.m2\repository\org\junit\platform\junit-platform-commons\1.10.2\junit-platform-commons-1.10.2.jar;C:\Users\sjoao\.m2\repository\org\apiguardian\apiguardian-api\1.1.2\apiguardian-api-1.1.2.jar;C:\Users\sjoao\.m2\repository\org\junit\jupiter\junit-jupiter-params\5.10.2\junit-jupiter-params-5.10.2.jar;C:\Users\sjoao\.m2\repository\org\junit\jupiter\junit-jupiter-engine\5.10.2\junit-jupiter-engine-5.10.2.jar;C:\Users\sjoao\.m2\repository\org\junit\platform\junit-platform-engine\1.10.2\junit-platform-engine-1.10.2.jar;"/>
    <property name="sun.cpu.endian" value="little"/>
    <property name="user.home" value="C:\Users\sjoao"/>
    <property name="user.language" value="pt"/>
    <property name="java.specification.vendor" value="Oracle Corporation"/>
    <property name="java.version.date" value="2025-04-15"/>
    <property name="java.home" value="C:\Program Files\Amazon Corretto\jdk21.0.7_6"/>
    <property name="file.separator" value="\"/>
    <property name="basedir" value="C:\Users\sjoao\OneDrive\Desktop\POO-A\2025-2-bes-mat-aula1-jhugosc"/>
    <property name="java.vm.compressedOopsMode" value="Zero based"/>
    <property name="line.separator" value="&#10;"/>
    <property name="java.vm.specification.vendor" value="Oracle Corporation"/>
    <property name="java.specification.name" value="Java Platform API Specification"/>
    <property name="surefire.real.class.path" value="C:\Users\sjoao\AppData\Local\Temp\surefire6120324865553029989\surefirebooter-20250820174843474_3.jar"/>
    <property name="user.script" value=""/>
    <property name="sun.management.compiler" value="HotSpot 64-Bit Tiered Compilers"/>
    <property name="java.runtime.version" value="21.0.7+6-LTS"/>
    <property name="user.name" value="sjoao"/>
    <property name="stdout.encoding" value="Cp1252"/>
    <property name="path.separator" value=";"/>
    <property name="os.version" value="10.0"/>
    <property name="java.runtime.name" value="OpenJDK Runtime Environment"/>
    <property name="file.encoding" value="UTF-8"/>
    <property name="java.vm.name" value="OpenJDK 64-Bit Server VM"/>
    <property name="java.vendor.version" value="Corretto-21.0.7.6.1"/>
    <property name="localRepository" value="C:\Users\sjoao\.m2\repository"/>
    <property name="java.vendor.url.bug" value="https://github.com/corretto/corretto-21/issues/"/>
    <property name="java.io.tmpdir" value="C:\Users\sjoao\AppData\Local\Temp\"/>
    <property name="java.version" value="21.0.7"/>
    <property name="user.dir" value="C:\Users\sjoao\OneDrive\Desktop\POO-A\2025-2-bes-mat-aula1-jhugosc"/>
    <property name="os.arch" value="amd64"/>
    <property name="java.vm.specification.name" value="Java Virtual Machine Specification"/>
    <property name="sun.os.patch.level" value=""/>
    <property name="native.encoding" value="Cp1252"/>
    <property name="java.library.path" value="C:\Program Files\Amazon Corretto\jdk21.0.7_6\bin;C:\WINDOWS\Sun\Java\bin;C:\WINDOWS\system32;C:\WINDOWS;C:\Program Files\Amazon Corretto\jdk21.0.7_6\bin;C:\Program Files\Amazon Corretto\jdk17.0.15_6\bin;C:\WINDOWS\system32;C:\WINDOWS;C:\WINDOWS\System32\Wbem;C:\WINDOWS\System32\WindowsPowerShell\v1.0\;C:\WINDOWS\System32\OpenSSH\;C:\Program Files\Microsoft VS Code\bin;C:\Program Files\NVIDIA Corporation\NVIDIA App\NvDLISR;C:\Program Files (x86)\NVIDIA Corporation\PhysX\Common;C:\Program Files\Git\cmd;C:\Program Files\nodejs\;C:\Program Files\dotnet\;C:\apache-maven-3.9.11\bin;C:\Users\sjoao\AppData\Local\Programs\Python\Python313\Scripts\;C:\Users\sjoao\AppData\Local\Programs\Python\Python313\;C:\Users\sjoao\AppData\Local\Programs\Python\Launcher\;C:\Users\sjoao\AppData\Local\Microsoft\WindowsApps;C:\Users\sjoao\AppData\Roaming\npm;."/>
    <property name="java.vm.info" value="mixed mode, sharing"/>
    <property name="stderr.encoding" value="Cp1252"/>
    <property name="java.vendor" value="Amazon.com Inc."/>
    <property name="java.vm.version" value="21.0.7+6-LTS"/>
    <property name="sun.io.unicode.encoding" value="UnicodeLittle"/>
    <property name="java.class.version" value="65.0"/>
  </properties>
  <testcase name="polimorfismoBasico" classname="cms.user.UserStructureTest" time="0.022"/>
  <testcase name="userDeveSerAbstrataEAvoDasSubclasses" classname="cms.user.UserStructureTest" time="0.0"/>
</testsuite>